<?xml version="1.0" encoding="UTF-8"?>
<beans
	   xmlns="http://www.springframework.org/schema/beans"
       xmlns:xsi="http://www.w3.org/2001/XMLSchema-instance"
       xmlns:tx="http://www.springframework.org/schema/tx"
       xmlns:context="http://www.springframework.org/schema/context" 
       xsi:schemaLocation="http://www.springframework.org/schema/beans
                        http://www.springframework.org/schema/beans/spring-beans.xsd
                        http://www.springframework.org/schema/tx
                        http://www.springframework.org/schema/tx/spring-tx-3.0.xsd
                        http://www.springframework.org/schema/context
                        http://www.springframework.org/schema/context/spring-context.xsd">

    <!-- Detects annotations like @Component, @Service, @Controller, @Repository, @Configuration -->
	<context:component-scan base-package="com.szedu.framework"/>

<!--  // hsqldb in-memory data source 

    <bean id="dataSource" class="org.apache.commons.dbcp.BasicDataSource">
        <property name="driverClassName" value="org.hsqldb.jdbcDriver"/>
        <property name="url" value="jdbc:hsqldb:hsql://localhost:9001/szedu"/>
        <property name="username" value="sa"/>
        <property name="password" value=""/>
        <property name="maxActive" value="10"/>
        <property name="defaultAutoCommit" value="false"/>
    </bean>
 -->
 <!-- mysql data source  -->
    <bean id="dataSource" class="org.apache.commons.dbcp.BasicDataSource">
        <property name="driverClassName" value="com.mysql.jdbc.Driver"/>
        <property name="url" value="jdbc:mysql://localhost:3306/szedu?characterEncoding=UTF-8&amp;jdbcCompliantTruncation=false"/>
        <property name="username" value="root"/>
        <property name="password" value="1qasw2de"/>
        <property name="maxActive" value="10"/>
        <property name="defaultAutoCommit" value="false"/>
    </bean>
    
	<bean id="emf" class="org.springframework.orm.jpa.LocalContainerEntityManagerFactoryBean">
        <property name="dataSource" ref="dataSource" />
        <property name="jpaVendorAdapter" ref="jpaVendorAdapter" />
        <property name="packagesToScan" value="com.szedu.framework.model"/>
    </bean>


    <bean id="jpaVendorAdapter" class="org.springframework.orm.jpa.vendor.HibernateJpaVendorAdapter">
        <property name="database" value="MYSQL" />
        <property name="showSql" value="true"/>
        <property name="generateDdl" value="true"/>
        <property name="databasePlatform" value="org.hibernate.dialect.MySQL5Dialect" />
    </bean>


    <bean id="transactionManager" class="org.springframework.orm.jpa.JpaTransactionManager">
        <property name="entityManagerFactory" ref="emf" />
    </bean>

    <tx:annotation-driven transaction-manager="transactionManager"/>

<!--  // mysql initialization
CREATE DATABASE myapp;
GRANT ALL PRIVILEGES ON myapp.* TO myapp@localhost IDENTIFIED BY 'myapp' WITH GRANT OPTION;

** also need to udpate the PersistenceConfig

-->


</beans>